TN:
SF:components\Header.jsx
FN:4,(anonymous_0)
FNF:1
FNH:1
FNDA:34,(anonymous_0)
DA:4,1
DA:5,34
DA:12,1
LF:3
LH:3
BRF:0
BRH:0
end_of_record
TN:
SF:components\LoadingOverlay.jsx
FN:4,(anonymous_0)
FNF:1
FNH:1
FNDA:6,(anonymous_0)
DA:4,1
DA:5,6
DA:7,6
DA:14,1
LF:4
LH:4
BRDA:5,0,0,0
BRDA:5,0,1,6
BRF:2
BRH:1
end_of_record
TN:
SF:pages\SignUpPageNative.jsx
FN:17,(anonymous_0)
FN:24,(anonymous_1)
FN:42,(anonymous_2)
FN:100,(anonymous_3)
FN:126,(anonymous_4)
FNF:5
FNH:3
FNDA:34,(anonymous_0)
FNDA:6,(anonymous_1)
FNDA:1,(anonymous_2)
FNDA:0,(anonymous_3)
FNDA:0,(anonymous_4)
DA:17,1
DA:18,34
DA:19,34
DA:20,34
DA:21,34
DA:22,34
DA:24,34
DA:25,6
DA:26,6
DA:27,1
DA:28,1
DA:31,5
DA:32,1
DA:33,1
DA:36,4
DA:38,4
DA:39,3
DA:41,3
DA:42,3
DA:44,3
DA:45,1
DA:46,1
DA:49,1
DA:50,1
DA:51,1
DA:54,2
DA:56,2
DA:64,2
DA:66,1
DA:67,1
DA:69,1
DA:70,1
DA:72,1
DA:73,1
DA:75,2
DA:78,34
DA:101,0
DA:102,0
DA:126,0
DA:136,1
LF:40
LH:37
BRDA:26,0,0,1
BRDA:26,0,1,5
BRDA:26,1,0,6
BRDA:26,1,1,5
BRDA:26,1,2,5
BRDA:26,1,3,5
BRDA:31,2,0,1
BRDA:31,2,1,4
BRDA:39,3,0,0
BRDA:39,3,1,3
BRDA:44,4,0,1
BRDA:44,4,1,2
BRDA:64,5,0,1
BRDA:64,5,1,1
BRDA:80,6,0,34
BRDA:80,6,1,6
BRDA:101,7,0,0
BRDA:101,7,1,0
BRDA:101,8,0,0
BRDA:101,8,1,0
BRF:20
BRH:15
end_of_record
TN:
SF:utils\theme.js
FNF:0
FNH:0
DA:1,1
LF:1
LH:1
BRF:0
BRH:0
end_of_record
TN:
SF:utils\validateEmail.js
FN:1,(anonymous_0)
FNF:1
FNH:0
FNDA:0,(anonymous_0)
DA:1,1
DA:2,0
DA:3,0
LF:3
LH:1
BRF:0
BRH:0
end_of_record
